[1745257218.16]: Peer 1005 makes a connection to Peer 1001
[1745257218.16]: Peer 1005 makes a connection from Peer 1002
[1745257218.16]: Peer 1005 makes a connection from Peer 1001
[1745257218.68]: Peer 1005 makes a connection to Peer 1003
[1745257218.7]: Peer 1005 makes a connection to Peer 1004
[1745257218.71]: Peer 1005 makes a connection to Peer 1006
[1745257218.73]: Peer 1005 makes a connection from Peer 1003
[1745257218.79]: Peer 1005 makes a connection from Peer 1006
[1745257221.85]: Peer 1005 recieved the 'not interested' message from 1001
[1745257221.94]: Peer 1005 recieved the 'not interested' message from 1002
[1745257222.0]: Peer 1005 recieved the 'not interested' message from 1003
[1745257222.16]: Peer 1005 recieved the 'not interested' message from 1004
[1745257222.2]: Peer 1005 recieved the 'not interested' message from 1006
[1745257223.41]: Peer 1005 has preferred neighbors 1002 1003 1006 
[1745257223.43]: Peer 1005 is unchoked by 1002
[1745257223.45]: Peer 1005 is unchoked by 1001
[1745257223.57]: Peer 1005 is unchoked by 1006
[1745257223.92]: Peer 1005 is unchoked by 1004
[1745257223.92]: Peer 1005 is unchoked by 1003
[1745257224.04]: Peer 1005 is unchoked by 1002
[1745257224.06]: Peer 1005 is unchoked by 1001
[1745257228.38]: Peer 1005 has preferred neighbors 1006 1001 1003 
[1745257228.57]: Peer 1005 is unchoked by 1006
[1745257228.93]: Exited Recv Routine
[1745257228.95]: Exited Recv Routine
[1745257229.02]: Exited Recv Routine
[1745257228.98]: Exited Send Routine
[1745257229.12]: Exited Send Routine
[1745257229.06]: Exited Recv Routine
[1745257229.18]: Exited Send Routine
[1745257229.21]: Exited Send Routine
[1745257229.24]: Exited Send Routine
[1745257233.54]: Exited Recv Routine
